2023-06-22 12:47:16 :  df_class.py INFO The unnecessary columns have been dropped SUCCESSFULLY. LINE 56.
2023-06-22 12:47:16 :  df_class.py INFO The datasets have been joined SUCCESSFULLY. LINE 76.
2023-06-22 12:47:16 :  df_class.py INFO The columns have been renamed SUCCESSFULLY. LINE 94.
2023-06-22 12:47:18 :  df_class.py INFO The dataset has been saved SUCCESSFULLY. LINE 110.
2023-06-22 12:47:18 :  main.py INFO The program has stopped running. LINE 93.
2023-06-26 08:31:42 :  df_class.py INFO The dataset from dataset_one.csv has been read SUCCESSFULLY. LINE 24.
2023-06-26 08:31:42 :  df_class.py INFO The dataset has been filtered by countries SUCCESSFULLY. LINE 39.
2023-06-26 08:31:42 :  df_class.py INFO The unnecessary columns have been dropped SUCCESSFULLY. LINE 56.
2023-06-26 08:31:42 :  df_class.py INFO The dataset from dataset_two.csv has been read SUCCESSFULLY. LINE 24.
2023-06-26 08:31:42 :  df_class.py INFO The unnecessary columns have been dropped SUCCESSFULLY. LINE 56.
2023-06-26 08:31:42 :  df_class.py INFO The datasets have been joined SUCCESSFULLY. LINE 76.
2023-06-26 08:31:42 :  df_class.py INFO The columns have been renamed SUCCESSFULLY. LINE 94.
2023-06-26 08:31:45 :  df_class.py INFO The dataset has been saved SUCCESSFULLY. LINE 110.
2023-06-26 08:31:45 :  main.py INFO The program has stopped running. LINE 93.
2023-06-26 08:36:27 :  df_class.py INFO The dataset from dataset_one.csv has been read SUCCESSFULLY. LINE 24.
2023-06-26 08:36:27 :  df_class.py INFO The dataset has been filtered by countries SUCCESSFULLY. LINE 39.
2023-06-26 08:36:27 :  df_class.py INFO The unnecessary columns have been dropped SUCCESSFULLY. LINE 56.
2023-06-26 08:36:27 :  df_class.py INFO The dataset from dataset_two.csv has been read SUCCESSFULLY. LINE 24.
2023-06-26 08:36:27 :  df_class.py INFO The unnecessary columns have been dropped SUCCESSFULLY. LINE 56.
2023-06-26 08:36:28 :  df_class.py INFO The datasets have been joined SUCCESSFULLY. LINE 76.
2023-06-26 08:36:28 :  df_class.py INFO The columns have been renamed SUCCESSFULLY. LINE 94.
2023-06-26 08:36:29 :  df_class.py INFO The dataset has been saved SUCCESSFULLY. LINE 110.
2023-06-26 08:36:29 :  main.py INFO The program has stopped running. LINE 93.
